GROUP,PACKAGE,CLASS,INSTRUCTION_MISSED,INSTRUCTION_COVERED,BRANCH_MISSED,BRANCH_COVERED,LINE_MISSED,LINE_COVERED,COMPLEXITY_MISSED,COMPLEXITY_COVERED,METHOD_MISSED,METHOD_COVERED
Apache Kylin - Query,org.apache.kylin.query.pushdown,PushdownRunnerSDKImpl,3,0,0,0,1,0,1,0,1,0
Apache Kylin - Query,org.apache.kylin.query.routing,RealizationChooser.RealizationCost,40,0,2,0,12,0,4,0,3,0
Apache Kylin - Query,org.apache.kylin.query.routing,RealizationCheck,116,68,21,5,24,18,21,7,10,5
Apache Kylin - Query,org.apache.kylin.query.routing,QueryRouter,262,0,28,0,58,0,19,0,5,0
Apache Kylin - Query,org.apache.kylin.query.routing,RealizationCheck.IncapableType,0,194,0,0,0,2,0,1,0,1
Apache Kylin - Query,org.apache.kylin.query.routing,Candidate,86,0,4,0,28,0,13,0,11,0
Apache Kylin - Query,org.apache.kylin.query.routing,RealizationChooser,519,0,58,0,118,0,38,0,9,0
Apache Kylin - Query,org.apache.kylin.query.routing,RoutingRule,196,0,16,0,42,0,16,0,8,0
Apache Kylin - Query,org.apache.kylin.query.routing,RealizationChooser.new Comparator() {...},32,0,2,0,7,0,3,0,2,0
Apache Kylin - Query,org.apache.kylin.query.routing,RealizationCheck.IncapableReason,404,97,69,18,95,24,66,8,18,6
Apache Kylin - Query,org.apache.kylin.query.relnode.visitor,TupleFilterVisitor,574,151,100,12,141,35,71,6,10,2
Apache Kylin - Query,org.apache.kylin.query.relnode.visitor,TupleExpressionVisitor,446,0,56,0,92,0,40,0,10,0
Apache Kylin - Query,org.apache.kylin.query.enumerator,OLAPQuery.EnumeratorTypeEnum,44,0,0,0,5,0,1,0,1,0
Apache Kylin - Query,org.apache.kylin.query.enumerator,OLAPQuery,104,0,15,0,16,0,13,0,4,0
Apache Kylin - Query,org.apache.kylin.query.enumerator,DictionaryEnumerator,214,0,28,0,41,0,23,0,9,0
Apache Kylin - Query,org.apache.kylin.query.enumerator,HiveEnumerator,161,0,10,0,42,0,12,0,7,0
Apache Kylin - Query,org.apache.kylin.query.enumerator,OLAPQuery.EmptyEnumerator,12,0,0,0,7,0,5,0,5,0
Apache Kylin - Query,org.apache.kylin.query.enumerator,LookupTableEnumerator,213,0,16,0,50,0,15,0,7,0
Apache Kylin - Query,org.apache.kylin.query.enumerator,OLAPEnumerator,127,0,14,0,42,0,15,0,8,0
Apache Kylin - Query,org.apache.kylin.query.routing.rules,RemoveUncapableRealizationsRule,29,0,4,0,9,0,4,0,2,0
Apache Kylin - Query,org.apache.kylin.query.routing.rules,RealizationSortRule,53,0,2,0,9,0,4,0,3,0
Apache Kylin - Query,org.apache.kylin.query.routing.rules,RemoveBlackoutRealizationsRule,114,0,16,0,31,0,13,0,5,0
Apache Kylin - Query,org.apache.kylin.query.optrule,OLAPAggregateRule,74,0,6,0,16,0,7,0,4,0
Apache Kylin - Query,org.apache.kylin.query.optrule,OLAPProjectRule.new Supplier() {...},25,0,0,0,2,0,2,0,2,0
Apache Kylin - Query,org.apache.kylin.query.optrule,OLAPLimitRule,71,0,6,0,14,0,6,0,3,0
Apache Kylin - Query,org.apache.kylin.query.optrule,OLAPFilterRule,41,0,0,0,9,0,3,0,3,0
Apache Kylin - Query,org.apache.kylin.query.optrule,OLAPValuesRule,23,0,0,0,5,0,3,0,3,0
Apache Kylin - Query,org.apache.kylin.query.optrule,OLAPWindowRule,42,0,0,0,8,0,3,0,3,0
Apache Kylin - Query,org.apache.kylin.query.optrule,OLAPJoinRule,153,0,12,0,31,0,9,0,3,0
Apache Kylin - Query,org.apache.kylin.query.optrule,AggregateMultipleExpandRule,169,0,8,0,37,0,8,0,4,0
Apache Kylin - Query,org.apache.kylin.query.optrule,OLAPToEnumerableConverterRule,26,0,0,0,5,0,3,0,3,0
Apache Kylin - Query,org.apache.kylin.query.optrule,OLAPProjectRule,54,0,0,0,11,0,3,0,3,0
Apache Kylin - Query,org.apache.kylin.query.optrule,OLAPUnionRule,35,0,0,0,7,0,3,0,3,0
Apache Kylin - Query,org.apache.kylin.query.optrule,OLAPSortRule,50,0,4,0,9,0,5,0,3,0
Apache Kylin - Query,org.apache.kylin.query.optrule,AggregateProjectReduceRule,205,0,12,0,41,0,10,0,4,0
Apache Kylin - Query,org.apache.kylin.query.optrule,AggregateMultipleExpandRule.new Predicate() {...},11,0,2,0,2,0,3,0,2,0
Apache Kylin - Query,org.apache.kylin.query.udf,VersionUDF,0,6,0,0,0,2,0,2,0,2
Apache Kylin - Query,org.apache.kylin.query.udf,MassInUDF,5,0,0,0,2,0,2,0,2,0
Apache Kylin - Query,org.apache.kylin.query.udf,ConcatUDF,20,0,4,0,6,0,4,0,2,0
Apache Kylin - Query,org.apache.kylin.query.adhoc,JdbcPushDownConnectionManager,124,0,4,0,35,0,8,0,6,0
Apache Kylin - Query,org.apache.kylin.query.adhoc,PushDownRunnerJdbcImpl,490,0,14,0,150,0,16,0,9,0
Apache Kylin - Query,org.apache.kylin.query.relnode,OLAPProjectRel,1059,0,126,0,217,0,81,0,18,0
Apache Kylin - Query,org.apache.kylin.query.relnode,OLAPAuthentication,41,0,4,0,10,0,6,0,4,0
Apache Kylin - Query,org.apache.kylin.query.relnode,OLAPRel,10,0,0,0,2,0,1,0,1,0
Apache Kylin - Query,org.apache.kylin.query.relnode,KylinEnumerableUnion,155,0,10,0,27,0,8,0,3,0
Apache Kylin - Query,org.apache.kylin.query.relnode,OLAPRel.OLAPImplementor,171,0,16,0,49,0,22,0,14,0
Apache Kylin - Query,org.apache.kylin.query.relnode,OLAPLimitRel,241,0,22,0,46,0,23,0,12,0
Apache Kylin - Query,org.apache.kylin.query.relnode,OLAPTableScan,889,0,68,0,192,0,64,0,30,0
Apache Kylin - Query,org.apache.kylin.query.relnode,OLAPRel.JavaImplementor,97,0,10,0,20,0,8,0,3,0
Apache Kylin - Query,org.apache.kylin.query.relnode,OLAPAggregateRel,1729,0,192,0,345,0,129,0,33,0
Apache Kylin - Query,org.apache.kylin.query.relnode,OLAPTableScan.new Function() {...},16,0,0,0,3,0,2,0,2,0
Apache Kylin - Query,org.apache.kylin.query.relnode,OLAPContext,694,0,78,0,162,0,61,0,22,0
Apache Kylin - Query,org.apache.kylin.query.relnode,OLAPValuesRel.new Supplier() {...},15,0,0,0,2,0,2,0,2,0
Apache Kylin - Query,org.apache.kylin.query.relnode,OLAPTableScan.new Function() {...},16,0,0,0,3,0,2,0,2,0
Apache Kylin - Query,org.apache.kylin.query.relnode,OLAPValuesRel.new Supplier() {...},20,0,0,0,2,0,2,0,2,0
Apache Kylin - Query,org.apache.kylin.query.relnode,ColumnRowType,164,0,22,0,35,0,23,0,12,0
Apache Kylin - Query,org.apache.kylin.query.relnode,OLAPSortRel,234,0,16,0,48,0,22,0,14,0
Apache Kylin - Query,org.apache.kylin.query.relnode,OLAPValuesRel,142,0,8,0,28,0,17,0,13,0
Apache Kylin - Query,org.apache.kylin.query.relnode,OLAPWindowRel,352,0,32,0,56,0,30,0,14,0
Apache Kylin - Query,org.apache.kylin.query.relnode,OLAPToEnumerableConverter,290,0,24,0,67,0,21,0,9,0
Apache Kylin - Query,org.apache.kylin.query.relnode,OLAPRel.RewriteImplementor,49,0,8,0,16,0,8,0,4,0
Apache Kylin - Query,org.apache.kylin.query.relnode,OLAPUnionRel,320,0,30,0,61,0,27,0,12,0
Apache Kylin - Query,org.apache.kylin.query.relnode,OLAPFilterRel,337,0,32,0,75,0,30,0,14,0
Apache Kylin - Query,org.apache.kylin.query.relnode,OLAPNonEquiJoinRel,381,0,28,0,81,0,30,0,16,0
Apache Kylin - Query,org.apache.kylin.query.relnode,KylinAggregateCall,111,0,22,0,27,0,18,0,7,0
Apache Kylin - Query,org.apache.kylin.query.relnode,OLAPJoinRel,976,0,88,0,181,0,64,0,20,0
Apache Kylin - Query,org.apache.kylin.query.calcite,KylinRelDataTypeSystem,30,5,5,0,8,2,4,2,1,2
Apache Kylin - Query,org.apache.kylin.query,QueryConnection,6,57,0,2,3,15,1,3,1,2
Apache Kylin - Query,org.apache.kylin.query,QueryCli,123,0,4,0,28,0,5,0,3,0
Apache Kylin - Query,org.apache.kylin.query.schema,OLAPSchema,98,38,8,0,21,12,17,2,13,2
Apache Kylin - Query,org.apache.kylin.query.schema,OLAPTable.new Comparator() {...},12,0,0,0,2,0,2,0,2,0
Apache Kylin - Query,org.apache.kylin.query.schema,OLAPTable.new AbstractTableQueryable() {...},19,0,0,0,3,0,2,0,2,0
Apache Kylin - Query,org.apache.kylin.query.schema,OLAPSchemaFactory,19,354,4,16,5,72,4,12,0,6
Apache Kylin - Query,org.apache.kylin.query.schema,OLAPTable,256,283,14,16,55,60,25,9,17,2
Apache Kylin - Query,org.apache.kylin.query.exec,SparderMethod,100,0,2,0,12,0,4,0,3,0
Apache Kylin - Query,org.apache.kylin.query.exec,SparkExec,110,0,14,0,28,0,11,0,4,0
Apache Kylin - Query,org.apache.kylin.query.exec,QueryEngineFactory,48,0,0,0,13,0,5,0,5,0
Apache Kylin - Query,org.apache.kylin.query.security,TableLevelACL,151,0,16,0,32,0,14,0,6,0
Apache Kylin - Query,org.apache.kylin.query.security,QueryInterceptor,71,0,8,0,16,0,9,0,5,0
Apache Kylin - Query,org.apache.kylin.query.security,AccessDeniedException,13,0,0,0,2,0,1,0,1,0
Apache Kylin - Query,org.apache.kylin.query.security,QueryInterceptorUtil,45,0,2,0,11,0,4,0,3,0
Apache Kylin - Query,org.apache.kylin.query.security,QueryACLTestUtil,41,0,4,0,17,0,5,0,3,0
Apache Kylin - Query,org.apache.kylin.query.util,QueryInfoCollector,29,0,0,0,11,0,7,0,7,0
Apache Kylin - Query,org.apache.kylin.query.util,ParseException,135,236,18,14,28,38,18,7,2,3
Apache Kylin - Query,org.apache.kylin.query.util,PushDownUtil.FromTablesVisitor,8,201,1,23,4,50,5,16,4,5
Apache Kylin - Query,org.apache.kylin.query.util,TempStatementUtil.ParserState,0,54,0,0,0,2,0,1,0,1
Apache Kylin - Query,org.apache.kylin.query.util,CommentParserTokenManager,574,877,128,97,137,181,95,55,11,13
Apache Kylin - Query,org.apache.kylin.query.util,CommentParserConstants,0,48,0,0,0,1,0,1,0,1
Apache Kylin - Query,org.apache.kylin.query.util,CommentParser,568,761,62,85,89,156,55,60,12,28
Apache Kylin - Query,org.apache.kylin.query.util,PushDownUtil,37,104,3,7,8,18,6,4,3,2
Apache Kylin - Query,org.apache.kylin.query.util,DefaultQueryTransformer,99,226,7,13,5,47,6,7,0,3
Apache Kylin - Query,org.apache.kylin.query.util,CommentParser.JJCalls,0,3,0,0,0,1,0,1,0,1
Apache Kylin - Query,org.apache.kylin.query.util,KeywordDefaultDirtyHack,0,25,0,2,0,7,0,3,0,2
Apache Kylin - Query,org.apache.kylin.query.util,SimpleCharStream,730,326,38,22,121,73,45,22,24,12
Apache Kylin - Query,org.apache.kylin.query.util,QueryUtil,110,352,20,48,25,75,20,25,2,9
Apache Kylin - Query,org.apache.kylin.query.util,PushDownExecutor,266,0,50,0,66,0,31,0,6,0
Apache Kylin - Query,org.apache.kylin.query.util,Token,14,20,0,0,5,7,4,3,4,3
Apache Kylin - Query,org.apache.kylin.query.util,TempStatementUtil,219,150,29,16,40,33,25,7,7,1
Apache Kylin - Query,org.apache.kylin.query.util,RexUtil,71,0,20,0,15,0,13,0,3,0
Apache Kylin - Query,org.apache.kylin.query.util,TokenMgrError,173,0,18,0,37,0,19,0,6,0
Apache Kylin - Query,org.apache.kylin.query.util,PushDownUtil.new Comparator() {...},10,17,1,1,0,3,1,2,0,2
