<?xml version="1.0" encoding="UTF-8"?>
<testsuite xmlns:xsi="http://www.w3.org/2001/XMLSchema-instance" xsi:noNamespaceSchemaLocation="https://maven.apache.org/surefire/maven-surefire-plugin/xsd/surefire-test-report.xsd" name="org.apache.kylin.metrics.lib.impl.RecordEventTimeDetailTest" time="0.274" tests="1" errors="0" skipped="0" failures="0">
  <properties>
[...]
</properties>
  <testcase name="testFormatted" classname="org.apache.kylin.metrics.lib.impl.RecordEventTimeDetailTest" time="0"/>
</testsuite>